<?xml version="1.0" encoding="UTF-8"?>
<!-- Generated by org.testng.reporters.JUnitReportReporter -->
<testsuite hostname="LAPTOP-682KK1PU" failures="1" tests="1" name="testRunner.TestRun" time="104.453" errors="0" timestamp="2025-02-10T17:23:53 IST" skipped="0">
  <testcase classname="testRunner.TestRun" name="runScenario" time="104.453">
    <failure message="The following asserts failed:
	expected [Hello! This is automation test for &quot;Modal dialogue message - On session start&quot;] but found [Hello! TTTThis is automation test for &quot;Modal dialogue message - On session start]" type="java.lang.AssertionError">
      <![CDATA[java.lang.AssertionError: The following asserts failed:
expected [Hello! This is automation test for "Modal dialogue message - On session start"] but found [Hello! TTTThis is automation test for "Modal dialogue message - On session start]
at org.testng.asserts.SoftAssert.assertAll(SoftAssert.java:46)
at org.testng.asserts.SoftAssert.assertAll(SoftAssert.java:30)
at pageObjects.RMQA_114_ModalDialogueMessagePage.verifyModalDialog(RMQA_114_ModalDialogueMessagePage.java:89)
at stepDefinations.RMQA_114_ModalDialogueMessagePageSteps.verify_Modal_Dialog(RMQA_114_ModalDialogueMessagePageSteps.java:18)
at ✽.Verify if the modal dialog appears with the message popup on Session start(file:///C:/Users/NavneetBiswas/Documents/Workspace-Eclipse/RMEXT/./src/test/java/Features/RMQA_114_ModalDialogueMessage.feature:8)
]]>
    </failure>
  </testcase> <!-- runScenario -->
</testsuite> <!-- testRunner.TestRun -->
