<?xml version="1.0" encoding="UTF-8"?>
<!-- Generated by org.testng.reporters.JUnitReportReporter -->
<testsuite hostname="LAPTOP-682KK1PU" failures="0" tests="2" name="testRunner.RMExtRunner" time="212.900" errors="1" timestamp="2025-04-22T21:11:47 IST" skipped="0">
  <testcase classname="testRunner.RMExtRunner" name="runScenario" time="143.913">
    <error message=" Timed out waiting for downloaded XLSX file." type="java.lang.RuntimeException">
      <![CDATA[java.lang.RuntimeException:  Timed out waiting for downloaded XLSX file.
at utilities.ReadDownloadedXlsx.waitForNewDownload(ReadDownloadedXlsx.java:55)
at utilities.ReadDownloadedXlsx.openLatestXlsxFile(ReadDownloadedXlsx.java:60)
at utilities.ReadActivityMetaData.extractLatestSessionValues(ReadActivityMetaData.java:13)
at pageObjects.RMExt.RMQA_22_UM_ModuleAccessPage.rmqa_22_extractAndValidateLatestSessionRow(RMQA_22_UM_ModuleAccessPage.java:38)
at stepDefinitions.RMExt.RMQA_22_UM_ModuleAccessSteps.validate_that_action_or_activity_is_should_not_being_captured(RMQA_22_UM_ModuleAccessSteps.java:19)
at ✽.Open the downloaded Activity Meta-Data file and validate that action or activity is should not being captured(file:///C:/Users/NavneetBiswas/Documents/Workspace-Eclipse/ResearchMonitor/./src/test/resources/Features.RMExt/RMQA_22_UM_ModuleAccess.feature:25)
]]>
    </error>
  </testcase> <!-- runScenario -->
  <testcase classname="testRunner.RMExtRunner" name="runScenario" time="68.987"/>
</testsuite> <!-- testRunner.RMExtRunner -->
